\BOOKMARK [0][-]{chapter.1}{\376\377\000I\000n\000t\000r\000o\000d\000u\000c\000t\000i\000o\000n}{}% 1
\BOOKMARK [0][-]{chapter.2}{\376\377\000B\000a\000c\000k\000g\000r\000o\000u\000n\000d\000\040\000-\000\040\000C\000o\000m\000p\000u\000t\000e\000r\000\040\000M\000u\000s\000i\000c\000\040\000P\000r\000o\000g\000r\000a\000m\000m\000i\000n\000g\000\040\000L\000a\000n\000g\000u\000a\000g\000e\000s}{}% 2
\BOOKMARK [1][-]{section.2.1}{\376\377\000W\000h\000a\000t\000\040\000i\000s\000\040\000C\000o\000m\000p\000u\000t\000e\000r\000\040\000M\000u\000s\000i\000c\000\040\000P\000r\000o\000g\000r\000a\000m\000m\000i\000n\000g\000?}{chapter.2}% 3
\BOOKMARK [1][-]{section.2.2}{\376\377\000R\000e\000q\000u\000i\000r\000e\000m\000e\000n\000t\000s\000\040\000f\000o\000r\000\040\000a\000\040\000C\000o\000m\000p\000u\000t\000e\000r\000\040\000M\000u\000s\000i\000c\000\040\000P\000l\000a\000t\000f\000o\000r\000m}{chapter.2}% 4
\BOOKMARK [2][-]{subsection.2.2.1}{\376\377\000S\000u\000p\000p\000o\000r\000t\000\040\000f\000o\000r\000\040\000M\000u\000s\000i\000c\000a\000l\000\040\000A\000b\000s\000t\000r\000a\000c\000t\000i\000o\000n\000s}{section.2.2}% 5
\BOOKMARK [2][-]{subsection.2.2.2}{\376\377\000S\000u\000p\000p\000o\000r\000t\000\040\000f\000o\000r\000\040\000P\000e\000r\000f\000o\000r\000m\000e\000r\000\040\000I\000n\000t\000e\000r\000a\000c\000t\000i\000o\000n}{section.2.2}% 6
\BOOKMARK [2][-]{subsection.2.2.3}{\376\377\000S\000u\000p\000p\000o\000r\000t\000\040\000f\000o\000r\000\040\000C\000o\000m\000p\000l\000e\000x\000\040\000A\000l\000g\000o\000r\000i\000t\000h\000m\000s}{section.2.2}% 7
\BOOKMARK [1][-]{section.2.3}{\376\377\000C\000o\000m\000p\000u\000t\000e\000r\000\040\000M\000u\000s\000i\000c\000\040\000P\000l\000a\000t\000f\000o\000r\000m\000\040\000F\000a\000m\000i\000l\000i\000e\000s}{chapter.2}% 8
\BOOKMARK [2][-]{subsection.2.3.1}{\376\377\000D\000o\000m\000a\000i\000n\000-\000S\000p\000e\000c\000i\000f\000i\000c\000\040\000T\000e\000x\000t\000u\000a\000l\000\040\000L\000a\000n\000g\000u\000a\000g\000e\000s}{section.2.3}% 9
\BOOKMARK [2][-]{subsection.2.3.2}{\376\377\000V\000i\000s\000u\000a\000l\000\040\000P\000a\000t\000c\000h\000i\000n\000g\000\040\000E\000n\000v\000i\000r\000o\000n\000m\000e\000n\000t\000s}{section.2.3}% 10
\BOOKMARK [2][-]{subsection.2.3.3}{\376\377\000G\000e\000n\000e\000r\000a\000l\000\040\000P\000u\000r\000p\000o\000s\000e\000\040\000P\000r\000o\000g\000r\000a\000m\000m\000i\000n\000g\000\040\000L\000a\000n\000g\000u\000a\000g\000e\000s}{section.2.3}% 11
\BOOKMARK [2][-]{subsection.2.3.4}{\376\377\000M\000u\000l\000t\000i\000-\000L\000a\000n\000g\000u\000a\000g\000e\000\040\000P\000l\000a\000t\000f\000o\000r\000m\000s}{section.2.3}% 12
\BOOKMARK [1][-]{section.2.4}{\376\377\000C\000o\000n\000c\000l\000u\000s\000i\000o\000n}{chapter.2}% 13
\BOOKMARK [0][-]{chapter.3}{\376\377\000P\000r\000o\000j\000e\000c\000t\000\040\000M\000o\000t\000i\000v\000a\000t\000i\000o\000n\000\040\000a\000n\000d\000\040\000G\000o\000a\000l\000s}{}% 14
\BOOKMARK [1][-]{section.3.1}{\376\377\000O\000v\000e\000r\000v\000i\000e\000w}{chapter.3}% 15
\BOOKMARK [1][-]{section.3.2}{\376\377\000F\000o\000c\000u\000s\000\040\000o\000n\000\040\000p\000r\000o\000g\000r\000a\000m\000m\000i\000n\000g\000\040\000m\000u\000s\000i\000c\000a\000l\000\040\000e\000v\000e\000n\000t\000s\000\040\000a\000n\000d\000\040\000e\000v\000e\000n\000t\000-\000o\000r\000i\000e\000n\000t\000e\000d\000\040\000t\000o\000o\000l\000s}{chapter.3}% 16
\BOOKMARK [1][-]{section.3.3}{\376\377\000S\000u\000p\000p\000o\000r\000t\000\040\000m\000u\000l\000t\000i\000p\000l\000e\000\040\000c\000o\000n\000t\000e\000x\000t\000s\000,\000\040\000i\000n\000c\000l\000u\000d\000i\000n\000g\000\040\000l\000i\000n\000e\000a\000r\000\040\000c\000o\000m\000p\000o\000s\000i\000t\000i\000o\000n\000,\000\040\000r\000e\000a\000l\000t\000i\000m\000e\000\040\000i\000n\000t\000e\000r\000a\000c\000t\000i\000o\000n\000,\000\040\000a\000n\000d\000\040\000l\000i\000v\000e\000\040\000p\000e\000r\000f\000o\000r\000m\000a\000n\000c\000e}{chapter.3}% 17
\BOOKMARK [1][-]{section.3.4}{\376\377\000S\000u\000p\000p\000o\000r\000t\000\040\000a\000d\000v\000a\000n\000c\000e\000d\000\040\000f\000u\000n\000c\000t\000i\000o\000n\000a\000l\000\040\000a\000n\000d\000\040\000o\000b\000j\000e\000c\000t\000-\000o\000r\000i\000e\000n\000t\000e\000d\000\040\000p\000r\000o\000g\000r\000a\000m\000m\000i\000n\000g\000\040\000t\000e\000c\000h\000n\000i\000q\000u\000e\000s}{chapter.3}% 18
\BOOKMARK [1][-]{section.3.5}{\376\377\000B\000e\000\040\000l\000i\000n\000g\000u\000i\000s\000t\000i\000c\000a\000l\000l\000y\000\040\000o\000p\000t\000i\000m\000i\000z\000e\000d\000\040\000f\000o\000r\000\040\000t\000h\000e\000\040\000t\000a\000r\000g\000e\000t\000\040\000u\000s\000e\000\040\000c\000a\000s\000e\000s}{chapter.3}% 19
\BOOKMARK [1][-]{section.3.6}{\376\377\000B\000e\000\040\000u\000s\000a\000b\000l\000e\000\040\000i\000n\000\040\000c\000o\000n\000j\000u\000n\000c\000t\000i\000o\000n\000\040\000w\000i\000t\000h\000\040\000m\000o\000d\000e\000r\000n\000,\000\040\000c\000o\000m\000m\000e\000r\000c\000i\000a\000l\000\040\000t\000o\000o\000l\000s}{chapter.3}% 20
\BOOKMARK [1][-]{section.3.7}{\376\377\000S\000u\000p\000p\000o\000r\000t\000\040\000c\000o\000m\000p\000o\000s\000i\000n\000g\000\040\000m\000u\000s\000i\000c\000\040\000t\000h\000a\000t\000\040\000i\000s\000\040\000i\000m\000p\000r\000a\000c\000t\000i\000c\000a\000l\000\040\000o\000n\000\040\000c\000o\000m\000m\000e\000r\000c\000i\000a\000l\000\040\000t\000o\000o\000l\000s}{chapter.3}% 21
\BOOKMARK [1][-]{section.3.8}{\376\377\000E\000n\000a\000b\000l\000e\000\040\000i\000t\000e\000r\000a\000t\000i\000v\000e\000\040\000d\000e\000v\000e\000l\000o\000p\000m\000e\000n\000t\000\040\000d\000u\000r\000i\000n\000g\000\040\000m\000u\000s\000i\000c\000a\000l\000\040\000p\000l\000a\000y\000b\000a\000c\000k}{chapter.3}% 22
\BOOKMARK [1][-]{section.3.9}{\376\377\000C\000o\000n\000c\000l\000u\000s\000i\000o\000n}{chapter.3}% 23
\BOOKMARK [0][-]{chapter.4}{\376\377\000H\000i\000g\000h\000-\000L\000e\000v\000e\000l\000\040\000D\000e\000s\000i\000g\000n}{}% 24
\BOOKMARK [1][-]{section.4.1}{\376\377\000W\000h\000y\000\040\000a\000\040\000M\000a\000x\000\040\000e\000x\000t\000e\000n\000s\000i\000o\000n\000?}{chapter.4}% 25
\BOOKMARK [1][-]{section.4.2}{\376\377\000W\000h\000y\000\040\000n\000o\000t\000\040\000j\000u\000s\000t\000\040\000u\000s\000e\000\040\000J\000a\000v\000a\000S\000c\000r\000i\000p\000t\000?}{chapter.4}% 26
\BOOKMARK [1][-]{section.4.3}{\376\377\000W\000h\000y\000\040\000u\000s\000e\000\040\000a\000\040\000L\000i\000s\000p\000\040\000l\000a\000n\000g\000u\000a\000g\000e\000?}{chapter.4}% 27
\BOOKMARK [2][-]{subsection.4.3.1}{\376\377\000S\000y\000m\000b\000o\000l\000i\000c\000\040\000c\000o\000m\000p\000u\000t\000a\000t\000i\000o\000n\000\040\000a\000n\000d\000\040\000l\000i\000s\000t\000\040\000p\000r\000o\000c\000e\000s\000s\000i\000n\000g}{section.4.3}% 28
\BOOKMARK [2][-]{subsection.4.3.2}{\376\377\000D\000y\000n\000a\000m\000i\000c\000\040\000c\000o\000d\000e\000\040\000l\000o\000a\000d\000i\000n\000g\000\040\000a\000n\000d\000\040\000t\000h\000e\000\040\000R\000E\000P\000L}{section.4.3}% 29
\BOOKMARK [2][-]{subsection.4.3.3}{\376\377\000M\000a\000c\000r\000o\000s\000\040\000a\000n\000d\000\040\000D\000o\000m\000a\000i\000n\000\040\000S\000p\000e\000c\000i\000f\000i\000c\000\040\000L\000a\000n\000g\000u\000a\000g\000e\000s}{section.4.3}% 30
\BOOKMARK [2][-]{subsection.4.3.4}{\376\377\000M\000a\000x\000\040\000a\000n\000d\000\040\000L\000i\000s\000p\000\040\000s\000y\000n\000t\000a\000x\000\040\000c\000o\000m\000p\000a\000b\000i\000l\000i\000t\000y}{section.4.3}% 31
\BOOKMARK [1][-]{section.4.4}{\376\377\000O\000f\000\040\000t\000h\000e\000\040\000p\000o\000s\000s\000i\000b\000l\000e\000\040\000L\000i\000s\000p\000\040\000l\000a\000n\000g\000u\000a\000g\000e\000s\000,\000\040\000w\000h\000y\000\040\000u\000s\000e\000\040\000s\0007\000\040\000S\000c\000h\000e\000m\000e\000?}{chapter.4}% 32
\BOOKMARK [2][-]{subsection.4.4.1}{\376\377\000U\000s\000e\000\040\000i\000n\000\040\000C\000o\000m\000p\000u\000t\000e\000r\000\040\000M\000u\000s\000i\000c}{section.4.4}% 33
\BOOKMARK [2][-]{subsection.4.4.2}{\376\377\000L\000i\000n\000g\000u\000i\000s\000t\000i\000c\000\040\000F\000e\000a\000t\000u\000r\000e\000s}{section.4.4}% 34
\BOOKMARK [2][-]{subsection.4.4.3}{\376\377\000E\000a\000s\000e\000\040\000o\000f\000\040\000e\000m\000b\000e\000d\000d\000i\000n\000g}{section.4.4}% 35
\BOOKMARK [2][-]{subsection.4.4.4}{\376\377\000L\000i\000c\000e\000n\000s\000e}{section.4.4}% 36
\BOOKMARK [0][-]{chapter.5}{\376\377\000F\000e\000a\000t\000u\000r\000e\000s\000\040\000a\000n\000d\000\040\000U\000s\000a\000g\000e}{}% 37
\BOOKMARK [1][-]{section.5.1}{\376\377\000I\000n\000s\000t\000a\000l\000l\000a\000t\000i\000o\000n}{chapter.5}% 38
\BOOKMARK [1][-]{section.5.2}{\376\377\000O\000b\000j\000e\000c\000t\000\040\000I\000n\000i\000t\000i\000a\000l\000i\000z\000a\000t\000i\000o\000n}{chapter.5}% 39
\BOOKMARK [2][-]{subsection.5.2.1}{\376\377\000B\000o\000o\000t\000s\000t\000r\000a\000p\000\040\000f\000i\000l\000e\000s}{section.5.2}% 40
\BOOKMARK [2][-]{subsection.5.2.2}{\376\377\000S\000o\000u\000r\000c\000e\000\040\000F\000i\000l\000e\000s}{section.5.2}% 41
\BOOKMARK [2][-]{subsection.5.2.3}{\376\377\000I\000n\000l\000e\000t\000s\000\040\000a\000n\000d\000\040\000O\000u\000t\000l\000e\000t\000s}{section.5.2}% 42
\BOOKMARK [1][-]{section.5.3}{\376\377\000I\000n\000p\000u\000t}{chapter.5}% 43
\BOOKMARK [2][-]{subsection.5.3.1}{\376\377\000I\000n\000l\000e\000t\000\040\0000\000\040\000S\000c\000h\000e\000m\000e\000\040\000E\000x\000p\000r\000e\000s\000s\000i\000o\000n\000s}{section.5.3}% 44
\BOOKMARK [2][-]{subsection.5.3.2}{\376\377\000I\000n\000l\000e\000t\000\040\0001\000+}{section.5.3}% 45
\BOOKMARK [1][-]{section.5.4}{\376\377\000O\000u\000t\000p\000u\000t}{chapter.5}% 46
\BOOKMARK [1][-]{section.5.5}{\376\377\000S\000e\000n\000d\000i\000n\000g\000\040\000M\000e\000s\000s\000a\000g\000e\000s}{chapter.5}% 47
\BOOKMARK [1][-]{section.5.6}{\376\377\000B\000u\000f\000f\000e\000r\000s\000\040\000\046\000\040\000T\000a\000b\000l\000e\000s}{chapter.5}% 48
\BOOKMARK [1][-]{section.5.7}{\376\377\000D\000i\000c\000t\000i\000o\000n\000a\000r\000i\000e\000s}{chapter.5}% 49
\BOOKMARK [1][-]{section.5.8}{\376\377\000S\0004\000M\000\040\000A\000r\000r\000a\000y\000s}{chapter.5}% 50
\BOOKMARK [1][-]{section.5.9}{\376\377\000T\000h\000e\000\040\000s\0004\000m\000.\000g\000r\000i\000d\000\040\000o\000b\000j\000e\000c\000t}{chapter.5}% 51
\BOOKMARK [1][-]{section.5.10}{\376\377\000S\000c\000h\000e\000d\000u\000l\000i\000n\000g\000\040\000F\000u\000n\000c\000t\000i\000o\000n\000s}{chapter.5}% 52
\BOOKMARK [1][-]{section.5.11}{\376\377\000G\000a\000r\000b\000a\000g\000e\000\040\000c\000o\000l\000l\000e\000c\000t\000o\000r\000\040\000f\000u\000n\000c\000t\000i\000o\000n\000s}{chapter.5}% 53
\BOOKMARK [1][-]{section.5.12}{\376\377\000S\000u\000m\000m\000a\000r\000y}{chapter.5}% 54
\BOOKMARK [0][-]{chapter.6}{\376\377\000C\000o\000n\000c\000l\000u\000s\000i\000o\000n}{}% 55
\BOOKMARK [1][-]{section.6.1}{\376\377\000E\000v\000a\000l\000u\000a\000t\000i\000o\000n}{chapter.6}% 56
\BOOKMARK [2][-]{subsection.6.1.1}{\376\377\000F\000o\000c\000u\000s\000\040\000o\000n\000\040\000p\000r\000o\000g\000r\000a\000m\000m\000i\000n\000g\000\040\000m\000u\000s\000i\000c\000a\000l\000\040\000e\000v\000e\000n\000t\000s\000\040\000a\000n\000d\000\040\000e\000v\000e\000n\000t\000-\000o\000r\000i\000e\000n\000t\000e\000d\000\040\000t\000o\000o\000l\000s}{section.6.1}% 57
\BOOKMARK [2][-]{subsection.6.1.2}{\376\377\000S\000u\000p\000p\000o\000r\000t\000\040\000m\000u\000l\000t\000i\000p\000l\000e\000\040\000c\000o\000n\000t\000e\000x\000t\000s\000,\000\040\000i\000n\000c\000l\000u\000d\000i\000n\000g\000\040\000l\000i\000n\000e\000a\000r\000\040\000c\000o\000m\000p\000o\000s\000i\000t\000i\000o\000n\000,\000\040\000r\000e\000a\000l\000-\000t\000i\000m\000e\000\040\000i\000n\000t\000e\000r\000a\000c\000t\000i\000o\000n\000,\000\040\000a\000n\000d\000\040\000l\000i\000v\000e\000\040\000p\000e\000r\000f\000o\000r\000m\000a\000n\000c\000e}{section.6.1}% 58
\BOOKMARK [2][-]{subsection.6.1.3}{\376\377\000S\000u\000p\000p\000o\000r\000t\000\040\000a\000d\000v\000a\000n\000c\000e\000d\000\040\000f\000u\000n\000c\000t\000i\000o\000n\000a\000l\000\040\000a\000n\000d\000\040\000o\000b\000j\000e\000c\000t\000-\000o\000r\000i\000e\000n\000t\000e\000d\000\040\000p\000r\000o\000g\000r\000a\000m\000m\000i\000n\000g\000\040\000t\000e\000c\000h\000n\000i\000q\000u\000e\000s}{section.6.1}% 59
\BOOKMARK [2][-]{subsection.6.1.4}{\376\377\000B\000e\000\040\000l\000i\000n\000g\000u\000i\000s\000t\000i\000c\000a\000l\000l\000y\000\040\000o\000p\000t\000i\000m\000i\000z\000e\000d\000\040\000f\000o\000r\000\040\000t\000h\000e\000\040\000t\000a\000r\000g\000e\000t\000\040\000u\000s\000e\000\040\000c\000a\000s\000e\000s}{section.6.1}% 60
\BOOKMARK [2][-]{subsection.6.1.5}{\376\377\000B\000e\000\040\000u\000s\000a\000b\000l\000e\000\040\000i\000n\000\040\000c\000o\000n\000j\000u\000n\000c\000t\000i\000o\000n\000\040\000w\000i\000t\000h\000\040\000m\000o\000d\000e\000r\000n\000,\000\040\000c\000o\000m\000m\000e\000r\000c\000i\000a\000l\000\040\000t\000o\000o\000l\000s}{section.6.1}% 61
\BOOKMARK [2][-]{subsection.6.1.6}{\376\377\000S\000u\000p\000p\000o\000r\000t\000\040\000c\000o\000m\000p\000o\000s\000i\000n\000g\000\040\000m\000u\000s\000i\000c\000\040\000t\000h\000a\000t\000\040\000i\000s\000\040\000i\000m\000p\000r\000a\000c\000t\000i\000c\000a\000l\000\040\000o\000n\000\040\000c\000o\000m\000m\000e\000r\000c\000i\000a\000l\000\040\000t\000o\000o\000l\000s}{section.6.1}% 62
\BOOKMARK [2][-]{subsection.6.1.7}{\376\377\000E\000n\000a\000b\000l\000e\000\040\000i\000t\000e\000r\000a\000t\000i\000v\000e\000\040\000d\000e\000v\000e\000l\000o\000p\000m\000e\000n\000t\000\040\000d\000u\000r\000i\000n\000g\000\040\000m\000u\000s\000i\000c\000a\000l\000\040\000p\000l\000a\000y\000b\000a\000c\000k}{section.6.1}% 63
\BOOKMARK [2][-]{subsection.6.1.8}{\376\377\000E\000v\000a\000l\000u\000a\000t\000i\000o\000n\000\040\000S\000u\000m\000m\000a\000r\000y}{section.6.1}% 64
\BOOKMARK [1][-]{section.6.2}{\376\377\000L\000i\000m\000i\000t\000a\000t\000i\000o\000n\000s\000\040\000a\000n\000d\000\040\000F\000u\000t\000u\000r\000e\000\040\000W\000o\000r\000k}{chapter.6}% 65
\BOOKMARK [2][-]{subsection.6.2.1}{\376\377\000L\000i\000m\000i\000t\000e\000d\000\040\000I\000n\000t\000e\000g\000r\000a\000t\000i\000o\000n\000s}{section.6.2}% 66
\BOOKMARK [2][-]{subsection.6.2.2}{\376\377\000R\000e\000a\000l\000-\000t\000i\000m\000e\000\040\000S\000c\000h\000e\000d\000u\000l\000i\000n\000g}{section.6.2}% 67
\BOOKMARK [2][-]{subsection.6.2.3}{\376\377\000G\000a\000r\000b\000a\000g\000e\000\040\000C\000o\000l\000l\000e\000c\000t\000i\000o\000n}{section.6.2}% 68
\BOOKMARK [2][-]{subsection.6.2.4}{\376\377\000T\000h\000r\000e\000a\000d\000\040\000L\000i\000m\000i\000t\000a\000t\000i\000o\000n\000s}{section.6.2}% 69
\BOOKMARK [2][-]{subsection.6.2.5}{\376\377\000D\000i\000f\000f\000i\000c\000u\000l\000t\000y\000\040\000o\000f\000\040\000E\000x\000t\000e\000n\000s\000i\000o\000n}{section.6.2}% 70
\BOOKMARK [1][-]{section.6.3}{\376\377\000C\000o\000n\000c\000l\000u\000s\000i\000o\000n}{chapter.6}% 71
\BOOKMARK [0][-]{chapter.7}{\376\377\000R\000e\000f\000e\000r\000e\000n\000c\000e\000s}{}% 72
